\BOOKMARK [1][-]{indice.1}{Indice}{}% 1
\BOOKMARK [1][-]{elenco delle figure.1}{Elenco delle Figure}{}% 2
\BOOKMARK [1][-]{elenco delle tabelle.1}{Indice delle Tabelle}{}% 3
\BOOKMARK [1][-]{section.1}{Introduzione}{}% 4
\BOOKMARK [2][-]{subsection.1.1}{Scopo del documento}{section.1}% 5
\BOOKMARK [2][-]{subsection.1.2}{Scopo del prodotto}{section.1}% 6
\BOOKMARK [2][-]{subsection.1.3}{Riferimenti}{section.1}% 7
\BOOKMARK [1][-]{section.2}{Definizione del prodotto}{}% 8
\BOOKMARK [2][-]{subsection.2.1}{Architettura di SITEPAINTER Portal Studio}{section.2}% 9
\BOOKMARK [2][-]{subsection.2.2}{Struttura della componente Visual Query}{section.2}% 10
\BOOKMARK [1][-]{section.3}{Tecnologie e librerie utilizzate}{}% 11
\BOOKMARK [2][-]{subsection.3.1}{HTML 5}{section.3}% 12
\BOOKMARK [2][-]{subsection.3.2}{JavaScript}{section.3}% 13
\BOOKMARK [2][-]{subsection.3.3}{Raphael}{section.3}% 14
\BOOKMARK [2][-]{subsection.3.4}{RaphaelZPD}{section.3}% 15
\BOOKMARK [1][-]{section.4}{Specifica delle componenti}{}% 16
\BOOKMARK [2][-]{subsection.4.1}{Descrizione delle componenti ad alto livello}{section.4}% 17
\BOOKMARK [3][-]{subsubsection.4.1.1}{Nodo Logico}{subsection.4.1}% 18
\BOOKMARK [3][-]{subsubsection.4.1.2}{Mostra Info}{subsection.4.1}% 19
\BOOKMARK [3][-]{subsubsection.4.1.3}{Nodo Grafico}{subsection.4.1}% 20
\BOOKMARK [3][-]{subsubsection.4.1.4}{IRaphaelInterface}{subsection.4.1}% 21
\BOOKMARK [3][-]{subsubsection.4.1.5}{RaphaelAdapter}{subsection.4.1}% 22
\BOOKMARK [3][-]{subsubsection.4.1.6}{IRaphaelZPDInterface}{subsection.4.1}% 23
\BOOKMARK [3][-]{subsubsection.4.1.7}{RaphaelZPDAdapter}{subsection.4.1}% 24
\BOOKMARK [3][-]{subsubsection.4.1.8}{AlberoBase}{subsection.4.1}% 25
\BOOKMARK [3][-]{subsubsection.4.1.9}{Albero Misto}{subsection.4.1}% 26
\BOOKMARK [3][-]{subsubsection.4.1.10}{Albero Verticale}{subsection.4.1}% 27
\BOOKMARK [3][-]{subsubsection.4.1.11}{Albero Classico}{subsection.4.1}% 28
\BOOKMARK [3][-]{subsubsection.4.1.12}{CreaAlbero}{subsection.4.1}% 29
\BOOKMARK [2][-]{subsection.4.2}{Descrizione in dettaglio delle singole componenti}{section.4}% 30
\BOOKMARK [3][-]{subsubsection.4.2.1}{NodoLogico}{subsection.4.2}% 31
\BOOKMARK [4][-]{paragraph.4.2.1.1}{Membri}{subsubsection.4.2.1}% 32
\BOOKMARK [4][-]{paragraph.4.2.1.2}{Funzionalit\340}{subsubsection.4.2.1}% 33
\BOOKMARK [3][-]{subsubsection.4.2.2}{NodoGrafico}{subsection.4.2}% 34
\BOOKMARK [4][-]{paragraph.4.2.2.1}{Membri}{subsubsection.4.2.2}% 35
\BOOKMARK [4][-]{paragraph.4.2.2.2}{Funzionalit\340}{subsubsection.4.2.2}% 36
\BOOKMARK [3][-]{subsubsection.4.2.3}{MostraInfo}{subsection.4.2}% 37
\BOOKMARK [4][-]{paragraph.4.2.3.1}{Membri}{subsubsection.4.2.3}% 38
\BOOKMARK [4][-]{paragraph.4.2.3.2}{Funzionalit\340}{subsubsection.4.2.3}% 39
\BOOKMARK [3][-]{subsubsection.4.2.4}{IRaphaelInterface}{subsection.4.2}% 40
\BOOKMARK [4][-]{paragraph.4.2.4.1}{Funzionalit\340}{subsubsection.4.2.4}% 41
\BOOKMARK [3][-]{subsubsection.4.2.5}{IRaphaelZPDInterface}{subsection.4.2}% 42
\BOOKMARK [4][-]{paragraph.4.2.5.1}{Funzionalit\340}{subsubsection.4.2.5}% 43
\BOOKMARK [3][-]{subsubsection.4.2.6}{CreaAlbero}{subsection.4.2}% 44
\BOOKMARK [4][-]{paragraph.4.2.6.1}{Membri}{subsubsection.4.2.6}% 45
\BOOKMARK [4][-]{paragraph.4.2.6.2}{Funzionalit\340}{subsubsection.4.2.6}% 46
\BOOKMARK [3][-]{subsubsection.4.2.7}{AlberoBase}{subsection.4.2}% 47
\BOOKMARK [4][-]{paragraph.4.2.7.1}{Membri}{subsubsection.4.2.7}% 48
\BOOKMARK [4][-]{paragraph.4.2.7.2}{Funzionalit\340}{subsubsection.4.2.7}% 49
\BOOKMARK [3][-]{subsubsection.4.2.8}{AlberoMisto}{subsection.4.2}% 50
\BOOKMARK [4][-]{paragraph.4.2.8.1}{Membri}{subsubsection.4.2.8}% 51
\BOOKMARK [4][-]{paragraph.4.2.8.2}{Funzionalit\340}{subsubsection.4.2.8}% 52
\BOOKMARK [3][-]{subsubsection.4.2.9}{AlberoVerticale}{subsection.4.2}% 53
\BOOKMARK [4][-]{paragraph.4.2.9.1}{Membri}{subsubsection.4.2.9}% 54
\BOOKMARK [4][-]{paragraph.4.2.9.2}{Funzionalit\340}{subsubsection.4.2.9}% 55
\BOOKMARK [3][-]{subsubsection.4.2.10}{AlberoClassico}{subsection.4.2}% 56
\BOOKMARK [4][-]{paragraph.4.2.10.1}{Membri}{subsubsection.4.2.10}% 57
\BOOKMARK [4][-]{paragraph.4.2.10.2}{Funzionalit\340}{subsubsection.4.2.10}% 58
\BOOKMARK [2][-]{subsection.4.3}{Algoritmo di creazione Albero}{section.4}% 59
\BOOKMARK [1][-]{section.5}{Design Pattern}{}% 60
\BOOKMARK [2][-]{subsection.5.1}{Adapter}{section.5}% 61
