\BOOKMARK [1][-]{indice.1}{Indice}{}% 1
\BOOKMARK [1][-]{elenco delle figure.1}{Elenco delle Figure}{}% 2
\BOOKMARK [1][-]{elenco delle tabelle.1}{Indice delle Tabelle}{}% 3
\BOOKMARK [1][-]{section.1}{Introduzione}{}% 4
\BOOKMARK [2][-]{subsection.1.1}{Scopo del documento}{section.1}% 5
\BOOKMARK [2][-]{subsection.1.2}{Scopo del prodotto}{section.1}% 6
\BOOKMARK [2][-]{subsection.1.3}{Riferimenti}{section.1}% 7
\BOOKMARK [1][-]{section.2}{Descrizione Generale}{}% 8
\BOOKMARK [2][-]{subsection.2.1}{Contesto d'uso del prodotto}{section.2}% 9
\BOOKMARK [2][-]{subsection.2.2}{Tecnologie utilizzate e ambiente di esecuzione}{section.2}% 10
\BOOKMARK [2][-]{subsection.2.3}{Funzioni dell'interfaccia}{section.2}% 11
\BOOKMARK [2][-]{subsection.2.4}{Tipologie di utenti}{section.2}% 12
\BOOKMARK [2][-]{subsection.2.5}{Vincoli generali}{section.2}% 13
\BOOKMARK [1][-]{section.3}{Diagrammi Use Case}{}% 14
\BOOKMARK [2][-]{subsection.3.1}{Diagramma Use Case Utente}{section.3}% 15
\BOOKMARK [2][-]{subsection.3.2}{Diagramma Use Case Utente - Manipolazione Struttura}{section.3}% 16
\BOOKMARK [1][-]{section.4}{Requisiti}{}% 17
\BOOKMARK [2][-]{subsection.4.1}{Requisiti funzionali}{section.4}% 18
\BOOKMARK [3][-]{subsubsection.4.1.1}{Obbligatori}{subsection.4.1}% 19
\BOOKMARK [3][-]{subsubsection.4.1.2}{Desiderabili}{subsection.4.1}% 20
\BOOKMARK [3][-]{subsubsection.4.1.3}{Opzionali}{subsection.4.1}% 21
\BOOKMARK [2][-]{subsection.4.2}{Requisiti prestazionali}{section.4}% 22
\BOOKMARK [3][-]{subsubsection.4.2.1}{Obbligatori}{subsection.4.2}% 23
\BOOKMARK [2][-]{subsection.4.3}{Requisiti di qualit\340}{section.4}% 24
\BOOKMARK [3][-]{subsubsection.4.3.1}{Obbligatori}{subsection.4.3}% 25
\BOOKMARK [2][-]{subsection.4.4}{Requisiti di vincolo}{section.4}% 26
\BOOKMARK [3][-]{subsubsection.4.4.1}{Obbligatori}{subsection.4.4}% 27
\BOOKMARK [1][-]{section.5}{Tabella tracciamento requisiti funzionali - Diagramma Use Case}{}% 28
